Build started 20/08/2011 11:39:28.
     1>Project "C:\Users\lappy\development\ld48\aug11\toweringinferno\toweringinferno\toweringinferno.vcxproj" on node 2 (build target(s)).
     1>InitializeBuildStatus:
         Touching "Debug\toweringinferno.unsuccessfulbuild".
       ClCompile:
         All outputs are up-to-date.
       Link:
         All outputs are up-to-date.
         toweringinferno.vcxproj -> C:\Users\lappy\development\ld48\aug11\toweringinferno\Debug\toweringinferno.exe
       PostBuildEvent:
         Description: copy libtcod to exe path
         copy C:\Users\lappy\development\ld48\aug11\toweringinferno\\libtcod-1.5.0\*.dll C:\Users\lappy\development\ld48\aug11\toweringinferno\Debug\
         copy C:\Users\lappy\development\ld48\aug11\toweringinferno\\libtcod-1.5.0\terminal.png C:\Users\lappy\development\ld48\aug11\toweringinferno\Debug\
         :VCEnd
         C:\Users\lappy\development\ld48\aug11\toweringinferno\\libtcod-1.5.0\libtcod-gui-VS.dll
         C:\Users\lappy\development\ld48\aug11\toweringinferno\\libtcod-1.5.0\libtcod-VS.dll
         C:\Users\lappy\development\ld48\aug11\toweringinferno\\libtcod-1.5.0\SDL.dll
         C:\Users\lappy\development\ld48\aug11\toweringinferno\\libtcod-1.5.0\zlib1.dll
                 4 file(s) copied.
                 1 file(s) copied.
       FinalizeBuildStatus:
         Deleting file "Debug\toweringinferno.unsuccessfulbuild".
         Touching "Debug\toweringinferno.lastbuildstate".
     1>Done Building Project "C:\Users\lappy\development\ld48\aug11\toweringinferno\toweringinferno\toweringinferno.vcxproj" (build target(s)).

Build succeeded.

Time Elapsed 00:00:00.54
